  text.cpp
d:\program files\microsoft visual studio\2017\community\vc\tools\msvc\14.16.27023\include\xutility(3520): error C2446: “==”: 没有从“const char *”到“int”的转换
  d:\program files\microsoft visual studio\2017\community\vc\tools\msvc\14.16.27023\include\xutility(3520): note: 没有使该转换得以执行的上下文
  d:\program files\microsoft visual studio\2017\community\vc\tools\msvc\14.16.27023\include\xutility(3533): note: 参见对正在编译的函数 模板 实例化“_InIt *std::_Find_unchecked1<_InIt,char[2]>(_InIt,const _InIt,const _Ty (&),std::false_type)”的引用
          with
          [
              _InIt=const char *,
              _Ty=char [2]
          ]
  d:\program files\microsoft visual studio\2017\community\vc\tools\msvc\14.16.27023\include\xutility(3542): note: 参见对正在编译的函数 模板 实例化“_InIt *std::_Find_unchecked<const char*,char[2]>(const _InIt,const _InIt,const _Ty (&))”的引用
          with
          [
              _InIt=const char *,
              _Ty=char [2]
          ]
  d:\githup\2022\text_3_25\text_3_25\text.cpp(488): note: 参见对正在编译的函数 模板 实例化“_InIt std::find<std::_String_const_iterator<std::_String_val<std::_Simple_types<_Ty>>>,char[2]>(_InIt,const _InIt,const char (&)[2])”的引用
          with
          [
              _InIt=std::_String_const_iterator<std::_String_val<std::_Simple_types<char>>>,
              _Ty=char
          ]
