This file contains any messages produced by compilers while
running configure, to aid debugging if configure makes a mistake.

It was created by libusb configure 1.0.20-rc2, which was
generated by GNU Autoconf 2.69.  Invocation command line was

  $ ./configure 

## --------- ##
## Platform. ##
## --------- ##

hostname = VM-4-17-centos
uname -m = x86_64
uname -r = 3.10.0-1160.45.1.el7.x86_64
uname -s = Linux
uname -v = #1 SMP Wed Oct 13 17:20:51 UTC 2021

/usr/bin/uname -p = x86_64
/bin/uname -X     = unknown

/bin/arch              = x86_64
/usr/bin/arch -k       = unknown
/usr/convex/getsysinfo = unknown
/usr/bin/hostinfo      = unknown
/bin/machine           = unknown
/usr/bin/oslevel       = unknown
/bin/universe          = unknown

PATH: /usr/local/bin
PATH: /usr/bin
PATH: /usr/local/sbin
PATH: /usr/sbin
PATH: /home/wkn/.local/bin
PATH: /home/wkn/bin


## ----------- ##
## Core tests. ##
## ----------- ##

configure:2421: checking for a BSD-compatible install
configure:2489: result: /usr/bin/install -c
configure:2500: checking whether build environment is sane
configure:2555: result: yes
configure:2706: checking for a thread-safe mkdir -p
configure:2745: result: /usr/bin/mkdir -p
configure:2752: checking for gawk
configure:2768: found /usr/bin/gawk
configure:2779: result: gawk
configure:2790: checking whether make sets $(MAKE)
configure:2812: result: yes
configure:2841: checking whether make supports nested variables
configure:2858: result: yes
configure:2985: checking whether to enable maintainer-specific portions of Makefiles
configure:2994: result: no
configure:3023: checking whether make supports nested variables
configure:3040: result: yes
configure:3101: checking for gcc
configure:3117: found /usr/bin/gcc
configure:3128: result: gcc
configure:3357: checking for C compiler version
configure:3366: gcc --version >&5
gcc (GCC) 4.8.5 20150623 (Red Hat 4.8.5-44)
Copyright (C) 2015 Free Software Foundation, Inc.
This is free software; see the source for copying conditions.  There is NO
warranty; not even for MERCHANTABILITY or FITNESS FOR A PARTICULAR PURPOSE.

configure:3377: $? = 0
configure:3366: gcc -v >&5
Using built-in specs.
COLLECT_GCC=gcc
COLLECT_LTO_WRAPPER=/usr/libexec/gcc/x86_64-redhat-linux/4.8.5/lto-wrapper
Target: x86_64-redhat-linux
Configured with: ../configure --prefix=/usr --mandir=/usr/share/man --infodir=/usr/share/info --with-bugurl=http://bugzilla.redhat.com/bugzilla --enable-bootstrap --enable-shared --enable-threads=posix --enable-checking=release --with-system-zlib --enable-__cxa_atexit --disable-libunwind-exceptions --enable-gnu-unique-object --enable-linker-build-id --with-linker-hash-style=gnu --enable-languages=c,c++,objc,obj-c++,java,fortran,ada,go,lto --enable-plugin --enable-initfini-array --disable-libgcj --with-isl=/builddir/build/BUILD/gcc-4.8.5-20150702/obj-x86_64-redhat-linux/isl-install --with-cloog=/builddir/build/BUILD/gcc-4.8.5-20150702/obj-x86_64-redhat-linux/cloog-install --enable-gnu-indirect-function --with-tune=generic --with-arch_32=x86-64 --build=x86_64-redhat-linux
Thread model: posix
gcc version 4.8.5 20150623 (Red Hat 4.8.5-44) (GCC) 
configure:3377: $? = 0
configure:3366: gcc -V >&5
gcc: error: unrecognized command line option '-V'
gcc: fatal error: no input files
compilation terminated.
configure:3377: $? = 4
configure:3366: gcc -qversion >&5
gcc: error: unrecognized command line option '-qversion'
gcc: fatal error: no input files
compilation terminated.
configure:3377: $? = 4
configure:3397: checking whether the C compiler works
configure:3419: gcc    conftest.c  >&5
configure:3423: $? = 0
configure:3471: result: yes
configure:3474: checking for C compiler default output file name
configure:3476: result: a.out
configure:3482: checking for suffix of executables
configure:3489: gcc -o conftest    conftest.c  >&5
configure:3493: $? = 0
configure:3515: result: 
configure:3537: checking whether we are cross compiling
configure:3545: gcc -o conftest    conftest.c  >&5
configure:3549: $? = 0
configure:3556: ./conftest
configure:3560: $? = 0
configure:3575: result: no
configure:3580: checking for suffix of object files
configure:3602: gcc -c   conftest.c >&5
configure:3606: $? = 0
configure:3627: result: o
configure:3631: checking whether we are using the GNU C compiler
configure:3650: gcc -c   conftest.c >&5
configure:3650: $? = 0
configure:3659: result: yes
configure:3668: checking whether gcc accepts -g
configure:3688: gcc -c -g  conftest.c >&5
configure:3688: $? = 0
configure:3729: result: yes
configure:3746: checking for gcc option to accept ISO C89
configure:3809: gcc  -c -g -O2  conftest.c >&5
configure:3809: $? = 0
configure:3822: result: none needed
configure:3847: checking whether gcc understands -c and -o together
configure:3869: gcc -c conftest.c -o conftest2.o
configure:3872: $? = 0
configure:3869: gcc -c conftest.c -o conftest2.o
configure:3872: $? = 0
configure:3884: result: yes
configure:3912: checking for style of include used by make
configure:3940: result: GNU
configure:3966: checking dependency style of gcc
configure:4077: result: gcc3
configure:4121: checking build system type
configure:4135: result: x86_64-unknown-linux-gnu
configure:4155: checking host system type
configure:4168: result: x86_64-unknown-linux-gnu
configure:4209: checking how to print strings
configure:4236: result: printf
configure:4257: checking for a sed that does not truncate output
configure:4321: result: /usr/bin/sed
configure:4339: checking for grep that handles long lines and -e
configure:4397: result: /usr/bin/grep
configure:4402: checking for egrep
configure:4464: result: /usr/bin/grep -E
configure:4469: checking for fgrep
configure:4531: result: /usr/bin/grep -F
configure:4566: checking for ld used by gcc
configure:4633: result: /usr/bin/ld
configure:4640: checking if the linker (/usr/bin/ld) is GNU ld
configure:4655: result: yes
configure:4667: checking for BSD- or MS-compatible name lister (nm)
configure:4716: result: /usr/bin/nm -B
configure:4846: checking the name lister (/usr/bin/nm -B) interface
configure:4853: gcc -c -g -O2  conftest.c >&5
configure:4856: /usr/bin/nm -B "conftest.o"
configure:4859: output
0000000000000000 B some_variable
configure:4866: result: BSD nm
configure:4869: checking whether ln -s works
configure:4873: result: yes
configure:4881: checking the maximum length of command line arguments
configure:5011: result: 1572864
configure:5028: checking whether the shell understands some XSI constructs
configure:5038: result: yes
configure:5042: checking whether the shell understands "+="
configure:5048: result: yes
configure:5083: checking how to convert x86_64-unknown-linux-gnu file names to x86_64-unknown-linux-gnu format
configure:5123: result: func_convert_file_noop
configure:5130: checking how to convert x86_64-unknown-linux-gnu file names to toolchain format
configure:5150: result: func_convert_file_noop
configure:5157: checking for /usr/bin/ld option to reload object files
configure:5164: result: -r
configure:5238: checking for objdump
configure:5254: found /usr/bin/objdump
configure:5265: result: objdump
configure:5297: checking how to recognize dependent libraries
configure:5499: result: pass_all
configure:5584: checking for dlltool
configure:5614: result: no
configure:5644: checking how to associate runtime and link libraries
configure:5671: result: printf %s\n
configure:5732: checking for ar
configure:5748: found /usr/bin/ar
configure:5759: result: ar
configure:5796: checking for archiver @FILE support
configure:5813: gcc -c -g -O2  conftest.c >&5
configure:5813: $? = 0
configure:5816: ar cru libconftest.a @conftest.lst >&5
configure:5819: $? = 0
configure:5824: ar cru libconftest.a @conftest.lst >&5
ar: conftest.o: No such file or directory
configure:5827: $? = 1
configure:5839: result: @
configure:5897: checking for strip
configure:5913: found /usr/bin/strip
configure:5924: result: strip
configure:5996: checking for ranlib
configure:6012: found /usr/bin/ranlib
configure:6023: result: ranlib
configure:6125: checking command to parse /usr/bin/nm -B output from gcc object
configure:6245: gcc -c -g -O2  conftest.c >&5
configure:6248: $? = 0
configure:6252: /usr/bin/nm -B conftest.o \| sed -n -e 's/^.*[ ]\([ABCDGIRSTW][ABCDGIRSTW]*\)[ ][ ]*\([_A-Za-z][_A-Za-z0-9]*\)$/\1 \2 \2/p' | sed '/ __gnu_lto/d' \> conftest.nm
configure:6255: $? = 0
configure:6321: gcc -o conftest -g -O2   conftest.c conftstm.o >&5
configure:6324: $? = 0
configure:6362: result: ok
configure:6399: checking for sysroot
configure:6429: result: no
configure:6506: gcc -c -g -O2  conftest.c >&5
configure:6509: $? = 0
configure:6691: checking for mt
configure:6721: result: no
configure:6741: checking if : is a manifest tool
configure:6747: : '-?'
configure:6755: result: no
configure:7397: checking how to run the C preprocessor
configure:7428: gcc -E  conftest.c
configure:7428: $? = 0
configure:7442: gcc -E  conftest.c
conftest.c:11:28: fatal error: ac_nonexistent.h: No such file or directory
 #include <ac_nonexistent.h>
                            ^
compilation terminated.
configure:7442: $? = 1
configure: failed program was:
| /* confdefs.h */
| #define PACKAGE_NAME "libusb"
| #define PACKAGE_TARNAME "libusb"
| #define PACKAGE_VERSION "1.0.20-rc2"
| #define PACKAGE_STRING "libusb 1.0.20-rc2"
| #define PACKAGE_BUGREPORT "libusb-devel@lists.sourceforge.net"
| #define PACKAGE_URL "http://libusb.info"
| #define PACKAGE "libusb"
| #define VERSION "1.0.20-rc2"
| /* end confdefs.h.  */
| #include <ac_nonexistent.h>
configure:7467: result: gcc -E
configure:7487: gcc -E  conftest.c
configure:7487: $? = 0
configure:7501: gcc -E  conftest.c
conftest.c:11:28: fatal error: ac_nonexistent.h: No such file or directory
 #include <ac_nonexistent.h>
                            ^
compilation terminated.
configure:7501: $? = 1
configure: failed program was:
| /* confdefs.h */
| #define PACKAGE_NAME "libusb"
| #define PACKAGE_TARNAME "libusb"
| #define PACKAGE_VERSION "1.0.20-rc2"
| #define PACKAGE_STRING "libusb 1.0.20-rc2"
| #define PACKAGE_BUGREPORT "libusb-devel@lists.sourceforge.net"
| #define PACKAGE_URL "http://libusb.info"
| #define PACKAGE "libusb"
| #define VERSION "1.0.20-rc2"
| /* end confdefs.h.  */
| #include <ac_nonexistent.h>
configure:7530: checking for ANSI C header files
configure:7550: gcc -c -g -O2  conftest.c >&5
configure:7550: $? = 0
configure:7623: gcc -o conftest -g -O2   conftest.c  >&5
configure:7623: $? = 0
configure:7623: ./conftest
configure:7623: $? = 0
configure:7634: result: yes
configure:7647: checking for sys/types.h
configure:7647: gcc -c -g -O2  conftest.c >&5
configure:7647: $? = 0
configure:7647: result: yes
configure:7647: checking for sys/stat.h
configure:7647: gcc -c -g -O2  conftest.c >&5
configure:7647: $? = 0
configure:7647: result: yes
configure:7647: checking for stdlib.h
configure:7647: gcc -c -g -O2  conftest.c >&5
configure:7647: $? = 0
configure:7647: result: yes
configure:7647: checking for string.h
configure:7647: gcc -c -g -O2  conftest.c >&5
configure:7647: $? = 0
configure:7647: result: yes
configure:7647: checking for memory.h
configure:7647: gcc -c -g -O2  conftest.c >&5
configure:7647: $? = 0
configure:7647: result: yes
configure:7647: checking for strings.h
configure:7647: gcc -c -g -O2  conftest.c >&5
configure:7647: $? = 0
configure:7647: result: yes
configure:7647: checking for inttypes.h
configure:7647: gcc -c -g -O2  conftest.c >&5
configure:7647: $? = 0
configure:7647: result: yes
configure:7647: checking for stdint.h
configure:7647: gcc -c -g -O2  conftest.c >&5
configure:7647: $? = 0
configure:7647: result: yes
configure:7647: checking for unistd.h
configure:7647: gcc -c -g -O2  conftest.c >&5
configure:7647: $? = 0
configure:7647: result: yes
configure:7661: checking for dlfcn.h
configure:7661: gcc -c -g -O2  conftest.c >&5
configure:7661: $? = 0
configure:7661: result: yes
configure:7867: checking for objdir
configure:7882: result: .libs
configure:8153: checking if gcc supports -fno-rtti -fno-exceptions
configure:8171: gcc -c -g -O2  -fno-rtti -fno-exceptions conftest.c >&5
cc1: warning: command line option '-fno-rtti' is valid for C++/ObjC++ but not for C [enabled by default]
configure:8175: $? = 0
configure:8188: result: no
configure:8515: checking for gcc option to produce PIC
configure:8522: result: -fPIC -DPIC
configure:8530: checking if gcc PIC flag -fPIC -DPIC works
configure:8548: gcc -c -g -O2  -fPIC -DPIC -DPIC conftest.c >&5
configure:8552: $? = 0
configure:8565: result: yes
configure:8594: checking if gcc static flag -static works
configure:8622: result: no
configure:8637: checking if gcc supports -c -o file.o
configure:8658: gcc -c -g -O2  -o out/conftest2.o conftest.c >&5
configure:8662: $? = 0
configure:8684: result: yes
configure:8692: checking if gcc supports -c -o file.o
configure:8739: result: yes
configure:8772: checking whether the gcc linker (/usr/bin/ld -m elf_x86_64) supports shared libraries
configure:9925: result: yes
configure:9962: checking whether -lc should be explicitly linked in
configure:9970: gcc -c -g -O2  conftest.c >&5
configure:9973: $? = 0
configure:9988: gcc -shared  -fPIC -DPIC conftest.o  -v -Wl,-soname -Wl,conftest -o conftest 2\>\&1 \| /usr/bin/grep  -lc  \>/dev/null 2\>\&1
configure:9991: $? = 0
configure:10005: result: no
configure:10165: checking dynamic linker characteristics
configure:10676: gcc -o conftest -g -O2   -Wl,-rpath -Wl,/foo conftest.c  >&5
configure:10676: $? = 0
configure:10902: result: GNU/Linux ld.so
configure:11009: checking how to hardcode library paths into programs
configure:11034: result: immediate
configure:11574: checking whether stripping libraries is possible
configure:11579: result: yes
configure:11614: checking if libtool supports shared libraries
configure:11616: result: yes
configure:11619: checking whether to build shared libraries
configure:11640: result: yes
configure:11643: checking whether to build static libraries
configure:11647: result: yes
configure:11727: checking for windres
configure:11757: result: no
configure:11861: checking for inline
configure:11877: gcc -c -g -O2  conftest.c >&5
configure:11877: $? = 0
configure:11885: result: inline
configure:11910: checking operating system
configure:11925: result: Linux
configure:11982: checking for library containing clock_gettime
configure:12013: gcc -o conftest -g -O2   conftest.c  >&5
configure:12013: $? = 0
configure:12030: result: none required
configure:12049: checking libudev.h usability
configure:12049: gcc -c -g -O2  conftest.c >&5
configure:12049: $? = 0
configure:12049: result: yes
configure:12049: checking libudev.h presence
configure:12049: gcc -E  conftest.c
configure:12049: $? = 0
configure:12049: result: yes
configure:12049: checking for libudev.h
configure:12049: result: yes
configure:12061: checking for udev_new in -ludev
configure:12086: gcc -o conftest -g -O2   conftest.c -ludev   >&5
configure:12086: $? = 0
configure:12095: result: yes
configure:12164: checking poll.h usability
configure:12164: gcc -c -g -O2  conftest.c >&5
configure:12164: $? = 0
configure:12164: result: yes
configure:12164: checking poll.h presence
configure:12164: gcc -E  conftest.c
configure:12164: $? = 0
configure:12164: result: yes
configure:12164: checking for poll.h
configure:12164: result: yes
configure:12375: checking sys/timerfd.h usability
configure:12375: gcc -c -g -O2  conftest.c >&5
configure:12375: $? = 0
configure:12375: result: yes
configure:12375: checking sys/timerfd.h presence
configure:12375: gcc -E  conftest.c
configure:12375: $? = 0
configure:12375: result: yes
configure:12375: checking for sys/timerfd.h
configure:12375: result: yes
configure:12395: checking whether TFD_NONBLOCK is declared
configure:12395: gcc -c -g -O2  conftest.c >&5
configure:12395: $? = 0
configure:12395: result: yes
configure:12407: checking whether to use timerfd for timing
configure:12414: result: yes
configure:12425: checking for struct timespec
configure:12425: gcc -c -g -O2  conftest.c >&5
configure:12425: $? = 0
configure:12425: gcc -c -g -O2  conftest.c >&5
conftest.c: In function 'main':
conftest.c:68:30: error: expected expression before ')' token
 if (sizeof ((struct timespec)))
                              ^
configure:12425: $? = 1
configure: failed program was:
| /* confdefs.h */
| #define PACKAGE_NAME "libusb"
| #define PACKAGE_TARNAME "libusb"
| #define PACKAGE_VERSION "1.0.20-rc2"
| #define PACKAGE_STRING "libusb 1.0.20-rc2"
| #define PACKAGE_BUGREPORT "libusb-devel@lists.sourceforge.net"
| #define PACKAGE_URL "http://libusb.info"
| #define PACKAGE "libusb"
| #define VERSION "1.0.20-rc2"
| #define STDC_HEADERS 1
| #define HAVE_SYS_TYPES_H 1
| #define HAVE_SYS_STAT_H 1
| #define HAVE_STDLIB_H 1
| #define HAVE_STRING_H 1
| #define HAVE_MEMORY_H 1
| #define HAVE_STRINGS_H 1
| #define HAVE_INTTYPES_H 1
| #define HAVE_STDINT_H 1
| #define HAVE_UNISTD_H 1
| #define HAVE_DLFCN_H 1
| #define LT_OBJDIR ".libs/"
| #define _GNU_SOURCE 1
| #define OS_LINUX 1
| #define HAVE_LIBUDEV_H 1
| #define HAVE_LIBUDEV 1
| #define USE_UDEV 1
| #define HAVE_POLL_H 1
| #define POLL_NFDS_TYPE nfds_t
| #define THREADS_POSIX 1
| #define USBI_TIMERFD_AVAILABLE 1
| /* end confdefs.h.  */
| #include <stdio.h>
| #ifdef HAVE_SYS_TYPES_H
| # include <sys/types.h>
| #endif
| #ifdef HAVE_SYS_STAT_H
| # include <sys/stat.h>
| #endif
| #ifdef STDC_HEADERS
| # include <stdlib.h>
| # include <stddef.h>
| #else
| # ifdef HAVE_STDLIB_H
| #  include <stdlib.h>
| # endif
| #endif
| #ifdef HAVE_STRING_H
| # if !defined STDC_HEADERS && defined HAVE_MEMORY_H
| #  include <memory.h>
| # endif
| # include <string.h>
| #endif
| #ifdef HAVE_STRINGS_H
| # include <strings.h>
| #endif
| #ifdef HAVE_INTTYPES_H
| # include <inttypes.h>
| #endif
| #ifdef HAVE_STDINT_H
| # include <stdint.h>
| #endif
| #ifdef HAVE_UNISTD_H
| # include <unistd.h>
| #endif
| int
| main ()
| {
| if (sizeof ((struct timespec)))
| 	    return 0;
|   ;
|   return 0;
| }
configure:12425: result: yes
configure:12479: checking syslog.h usability
configure:12479: gcc -c -g -O2  conftest.c >&5
configure:12479: $? = 0
configure:12479: result: yes
configure:12479: checking syslog.h presence
configure:12479: gcc -E  conftest.c
configure:12479: $? = 0
configure:12479: result: yes
configure:12479: checking for syslog.h
configure:12479: result: yes
configure:12489: checking for syslog
configure:12489: gcc -o conftest -g -O2   conftest.c -ludev  -pthread >&5
configure:12489: $? = 0
configure:12489: result: yes
configure:12551: gcc -c -g -O2 -Werror -fvisibility=hidden  conftest.c >&5
configure:12551: $? = 0
configure:12579: gcc -c -g -O2 -Wno-pointer-sign  conftest.c >&5
configure:12579: $? = 0
configure:12588: checking for sigaction
configure:12588: gcc -o conftest -g -O2   conftest.c -ludev  -pthread >&5
configure:12588: $? = 0
configure:12588: result: yes
configure:12607: checking sys/time.h usability
configure:12607: gcc -c -g -O2  conftest.c >&5
configure:12607: $? = 0
configure:12607: result: yes
configure:12607: checking sys/time.h presence
configure:12607: gcc -E  conftest.c
configure:12607: $? = 0
configure:12607: result: yes
configure:12607: checking for sys/time.h
configure:12607: result: yes
configure:12619: checking for gettimeofday
configure:12619: gcc -o conftest -g -O2   conftest.c -ludev  -pthread >&5
configure:12619: $? = 0
configure:12619: result: yes
configure:12630: checking signal.h usability
configure:12630: gcc -c -g -O2  conftest.c >&5
configure:12630: $? = 0
configure:12630: result: yes
configure:12630: checking signal.h presence
configure:12630: gcc -E  conftest.c
configure:12630: $? = 0
configure:12630: result: yes
configure:12630: checking for signal.h
configure:12630: result: yes
configure:12644: checking whether CC supports -std=gnu99
configure:12657: gcc -c -std=gnu99  conftest.c >&5
configure:12657: $? = 0
configure:12658: result: yes
configure:12797: checking that generated files are newer than configure
configure:12803: result: done
configure:12878: creating ./config.status

## ---------------------- ##
## Running config.status. ##
## ---------------------- ##

This file was extended by libusb config.status 1.0.20-rc2, which was
generated by GNU Autoconf 2.69.  Invocation command line was

  CONFIG_FILES    = 
  CONFIG_HEADERS  = 
  CONFIG_LINKS    = 
  CONFIG_COMMANDS = 
  $ ./config.status 

on VM-4-17-centos

config.status:1186: creating libusb-1.0.pc
config.status:1186: creating Makefile
config.status:1186: creating libusb/Makefile
config.status:1186: creating examples/Makefile
config.status:1186: creating tests/Makefile
config.status:1186: creating doc/Makefile
config.status:1186: creating doc/doxygen.cfg
config.status:1186: creating config.h
config.status:1415: executing depfiles commands
config.status:1415: executing libtool commands

## ---------------- ##
## Cache variables. ##
## ---------------- ##

ac_cv_build=x86_64-unknown-linux-gnu
ac_cv_c_compiler_gnu=yes
ac_cv_c_inline=inline
ac_cv_env_CC_set=
ac_cv_env_CC_value=
ac_cv_env_CFLAGS_set=
ac_cv_env_CFLAGS_value=
ac_cv_env_CPPFLAGS_set=
ac_cv_env_CPPFLAGS_value=
ac_cv_env_CPP_set=
ac_cv_env_CPP_value=
ac_cv_env_LDFLAGS_set=
ac_cv_env_LDFLAGS_value=
ac_cv_env_LIBS_set=
ac_cv_env_LIBS_value=
ac_cv_env_build_alias_set=
ac_cv_env_build_alias_value=
ac_cv_env_host_alias_set=
ac_cv_env_host_alias_value=
ac_cv_env_target_alias_set=
ac_cv_env_target_alias_value=
ac_cv_func_gettimeofday=yes
ac_cv_func_sigaction=yes
ac_cv_func_syslog=yes
ac_cv_have_decl_TFD_NONBLOCK=yes
ac_cv_header_dlfcn_h=yes
ac_cv_header_inttypes_h=yes
ac_cv_header_libudev_h=yes
ac_cv_header_memory_h=yes
ac_cv_header_poll_h=yes
ac_cv_header_signal_h=yes
ac_cv_header_stdc=yes
ac_cv_header_stdint_h=yes
ac_cv_header_stdlib_h=yes
ac_cv_header_string_h=yes
ac_cv_header_strings_h=yes
ac_cv_header_sys_stat_h=yes
ac_cv_header_sys_time_h=yes
ac_cv_header_sys_timerfd_h=yes
ac_cv_header_sys_types_h=yes
ac_cv_header_syslog_h=yes
ac_cv_header_unistd_h=yes
ac_cv_host=x86_64-unknown-linux-gnu
ac_cv_lib_udev_udev_new=yes
ac_cv_objext=o
ac_cv_path_EGREP='/usr/bin/grep -E'
ac_cv_path_FGREP='/usr/bin/grep -F'
ac_cv_path_GREP=/usr/bin/grep
ac_cv_path_SED=/usr/bin/sed
ac_cv_path_install='/usr/bin/install -c'
ac_cv_path_mkdir=/usr/bin/mkdir
ac_cv_prog_AWK=gawk
ac_cv_prog_CPP='gcc -E'
ac_cv_prog_ac_ct_AR=ar
ac_cv_prog_ac_ct_CC=gcc
ac_cv_prog_ac_ct_OBJDUMP=objdump
ac_cv_prog_ac_ct_RANLIB=ranlib
ac_cv_prog_ac_ct_STRIP=strip
ac_cv_prog_cc_c89=
ac_cv_prog_cc_g=yes
ac_cv_prog_make_make_set=yes
ac_cv_search_clock_gettime='none required'
ac_cv_type_struct_timespec=yes
am_cv_CC_dependencies_compiler_type=gcc3
am_cv_make_support_nested_variables=yes
am_cv_prog_cc_c_o=yes
lt_cv_ar_at_file=@
lt_cv_archive_cmds_need_lc=no
lt_cv_deplibs_check_method=pass_all
lt_cv_file_magic_cmd='$MAGIC_CMD'
lt_cv_file_magic_test_file=
lt_cv_ld_reload_flag=-r
lt_cv_nm_interface='BSD nm'
lt_cv_objdir=.libs
lt_cv_path_LD=/usr/bin/ld
lt_cv_path_NM='/usr/bin/nm -B'
lt_cv_path_mainfest_tool=no
lt_cv_prog_compiler_c_o=yes
lt_cv_prog_compiler_c_o_RC=yes
lt_cv_prog_compiler_pic='-fPIC -DPIC'
lt_cv_prog_compiler_pic_works=yes
lt_cv_prog_compiler_rtti_exceptions=no
lt_cv_prog_compiler_static_works=no
lt_cv_prog_gnu_ld=yes
lt_cv_sharedlib_from_linklib_cmd='printf %s\n'
lt_cv_shlibpath_overrides_runpath=no
lt_cv_sys_global_symbol_pipe='sed -n -e '\''s/^.*[	 ]\([ABCDGIRSTW][ABCDGIRSTW]*\)[	 ][	 ]*\([_A-Za-z][_A-Za-z0-9]*\)$/\1 \2 \2/p'\'' | sed '\''/ __gnu_lto/d'\'''
lt_cv_sys_global_symbol_to_c_name_address='sed -n -e '\''s/^: \([^ ]*\)[ ]*$/  {\"\1\", (void *) 0},/p'\'' -e '\''s/^[ABCDGIRSTW]* \([^ ]*\) \([^ ]*\)$/  {"\2", (void *) \&\2},/p'\'''
lt_cv_sys_global_symbol_to_c_name_address_lib_prefix='sed -n -e '\''s/^: \([^ ]*\)[ ]*$/  {\"\1\", (void *) 0},/p'\'' -e '\''s/^[ABCDGIRSTW]* \([^ ]*\) \(lib[^ ]*\)$/  {"\2", (void *) \&\2},/p'\'' -e '\''s/^[ABCDGIRSTW]* \([^ ]*\) \([^ ]*\)$/  {"lib\2", (void *) \&\2},/p'\'''
lt_cv_sys_global_symbol_to_cdecl='sed -n -e '\''s/^T .* \(.*\)$/extern int \1();/p'\'' -e '\''s/^[ABCDGIRSTW]* .* \(.*\)$/extern char \1;/p'\'''
lt_cv_sys_max_cmd_len=1572864
lt_cv_to_host_file_cmd=func_convert_file_noop
lt_cv_to_tool_file_cmd=func_convert_file_noop

## ----------------- ##
## Output variables. ##
## ----------------- ##

ACLOCAL='${SHELL} /home/wkn/text1/libusb-1.0.20-rc2/missing aclocal-1.15'
AMDEPBACKSLASH='\'
AMDEP_FALSE='#'
AMDEP_TRUE=''
AMTAR='$${TAR-tar}'
AM_BACKSLASH='\'
AM_CFLAGS=' -std=gnu99 -Wall -Wundef -Wunused -Wstrict-prototypes -Werror-implicit-function-declaration -Wno-pointer-sign -Wshadow -pthread -fvisibility=hidden'
AM_DEFAULT_V='$(AM_DEFAULT_VERBOSITY)'
AM_DEFAULT_VERBOSITY='0'
AM_V='$(V)'
AR='ar'
AUTOCONF='${SHELL} /home/wkn/text1/libusb-1.0.20-rc2/missing autoconf'
AUTOHEADER='${SHELL} /home/wkn/text1/libusb-1.0.20-rc2/missing autoheader'
AUTOMAKE='${SHELL} /home/wkn/text1/libusb-1.0.20-rc2/missing automake-1.15'
AWK='gawk'
BUILD_EXAMPLES_FALSE=''
BUILD_EXAMPLES_TRUE='#'
BUILD_TESTS_FALSE=''
BUILD_TESTS_TRUE='#'
CC='gcc'
CCDEPMODE='depmode=gcc3'
CFLAGS='-g -O2'
CPP='gcc -E'
CPPFLAGS=''
CREATE_IMPORT_LIB_FALSE=''
CREATE_IMPORT_LIB_TRUE='#'
CYGPATH_W='echo'
DEFS='-DHAVE_CONFIG_H'
DEPDIR='.deps'
DLLTOOL='false'
DSYMUTIL=''
DUMPBIN=''
ECHO_C=''
ECHO_N='-n'
ECHO_T=''
EGREP='/usr/bin/grep -E'
EXEEXT=''
FGREP='/usr/bin/grep -F'
GREP='/usr/bin/grep'
HAVE_SIGACTION_FALSE='#'
HAVE_SIGACTION_TRUE=''
INSTALL_DATA='${INSTALL} -m 644'
INSTALL_PROGRAM='${INSTALL}'
INSTALL_SCRIPT='${INSTALL}'
INSTALL_STRIP_PROGRAM='$(install_sh) -c -s'
LD='/usr/bin/ld -m elf_x86_64'
LDFLAGS=''
LIBOBJS=''
LIBS='-ludev  -pthread'
LIBTOOL='$(SHELL) $(top_builddir)/libtool'
LIPO=''
LN_S='ln -s'
LTLDFLAGS='-version-info 1:0:1 -no-undefined'
LTLIBOBJS=''
MAINT='#'
MAINTAINER_MODE_FALSE=''
MAINTAINER_MODE_TRUE='#'
MAKEINFO='${SHELL} /home/wkn/text1/libusb-1.0.20-rc2/missing makeinfo'
MANIFEST_TOOL=':'
MKDIR_P='/usr/bin/mkdir -p'
NM='/usr/bin/nm -B'
NMEDIT=''
OBJDUMP='objdump'
OBJEXT='o'
OS_DARWIN=''
OS_DARWIN_FALSE=''
OS_DARWIN_TRUE='#'
OS_HAIKU=''
OS_HAIKU_FALSE=''
OS_HAIKU_TRUE='#'
OS_LINUX=''
OS_LINUX_FALSE='#'
OS_LINUX_TRUE=''
OS_NETBSD=''
OS_NETBSD_FALSE=''
OS_NETBSD_TRUE='#'
OS_OPENBSD=''
OS_OPENBSD_FALSE=''
OS_OPENBSD_TRUE='#'
OS_WINDOWS=''
OS_WINDOWS_FALSE=''
OS_WINDOWS_TRUE='#'
OTOOL64=''
OTOOL=''
PACKAGE='libusb'
PACKAGE_BUGREPORT='libusb-devel@lists.sourceforge.net'
PACKAGE_NAME='libusb'
PACKAGE_STRING='libusb 1.0.20-rc2'
PACKAGE_TARNAME='libusb'
PACKAGE_URL='http://libusb.info'
PACKAGE_VERSION='1.0.20-rc2'
PATH_SEPARATOR=':'
RANLIB='ranlib'
RC=''
SED='/usr/bin/sed'
SET_MAKE=''
SHELL='/bin/sh'
STRIP='strip'
THREADS_POSIX_FALSE='#'
THREADS_POSIX_TRUE=''
USE_UDEV=''
USE_UDEV_FALSE='#'
USE_UDEV_TRUE=''
VERSION='1.0.20-rc2'
ac_ct_AR='ar'
ac_ct_CC='gcc'
ac_ct_DUMPBIN=''
am__EXEEXT_FALSE=''
am__EXEEXT_TRUE='#'
am__fastdepCC_FALSE='#'
am__fastdepCC_TRUE=''
am__include='include'
am__isrc=''
am__leading_dot='.'
am__nodep='_no'
am__quote=''
am__tar='$${TAR-tar} chof - "$$tardir"'
am__untar='$${TAR-tar} xf -'
bindir='${exec_prefix}/bin'
build='x86_64-unknown-linux-gnu'
build_alias=''
build_cpu='x86_64'
build_os='linux-gnu'
build_vendor='unknown'
datadir='${datarootdir}'
datarootdir='${prefix}/share'
docdir='${datarootdir}/doc/${PACKAGE_TARNAME}'
dvidir='${docdir}'
exec_prefix='${prefix}'
host='x86_64-unknown-linux-gnu'
host_alias=''
host_cpu='x86_64'
host_os='linux-gnu'
host_vendor='unknown'
htmldir='${docdir}'
includedir='${prefix}/include'
infodir='${datarootdir}/info'
install_sh='${SHELL} /home/wkn/text1/libusb-1.0.20-rc2/install-sh'
libdir='${exec_prefix}/lib'
libexecdir='${exec_prefix}/libexec'
localedir='${datarootdir}/locale'
localstatedir='${prefix}/var'
mandir='${datarootdir}/man'
mkdir_p='$(MKDIR_P)'
oldincludedir='/usr/include'
pdfdir='${docdir}'
prefix='/usr/local'
program_transform_name='s,x,x,'
psdir='${docdir}'
sbindir='${exec_prefix}/sbin'
sharedstatedir='${prefix}/com'
subdirs=''
sysconfdir='${prefix}/etc'
target_alias=''

## ----------- ##
## confdefs.h. ##
## ----------- ##

/* confdefs.h */
#define PACKAGE_NAME "libusb"
#define PACKAGE_TARNAME "libusb"
#define PACKAGE_VERSION "1.0.20-rc2"
#define PACKAGE_STRING "libusb 1.0.20-rc2"
#define PACKAGE_BUGREPORT "libusb-devel@lists.sourceforge.net"
#define PACKAGE_URL "http://libusb.info"
#define PACKAGE "libusb"
#define VERSION "1.0.20-rc2"
#define STDC_HEADERS 1
#define HAVE_SYS_TYPES_H 1
#define HAVE_SYS_STAT_H 1
#define HAVE_STDLIB_H 1
#define HAVE_STRING_H 1
#define HAVE_MEMORY_H 1
#define HAVE_STRINGS_H 1
#define HAVE_INTTYPES_H 1
#define HAVE_STDINT_H 1
#define HAVE_UNISTD_H 1
#define HAVE_DLFCN_H 1
#define LT_OBJDIR ".libs/"
#define _GNU_SOURCE 1
#define OS_LINUX 1
#define HAVE_LIBUDEV_H 1
#define HAVE_LIBUDEV 1
#define USE_UDEV 1
#define HAVE_POLL_H 1
#define POLL_NFDS_TYPE nfds_t
#define THREADS_POSIX 1
#define USBI_TIMERFD_AVAILABLE 1
#define HAVE_STRUCT_TIMESPEC 1
#define ENABLE_LOGGING 1
#define HAVE_SYSLOG_H 1
#define HAVE_SYSLOG_FUNC 1
#define DEFAULT_VISIBILITY __attribute__((visibility("default")))
#define HAVE_SYS_TIME_H 1
#define HAVE_GETTIMEOFDAY 1
#define HAVE_SIGNAL_H 1

configure: exit 0
